<?xml version="1.0" encoding="UTF-8"?>
<testng-results skipped="0" failed="0" ignored="0" total="1" passed="1">
  <reporter-output>
  </reporter-output>
  <suite name="Chrome Execution Suite" duration-ms="118594" started-at="2020-05-06T11:06:56Z" finished-at="2020-05-06T11:08:55Z">
    <groups>
      <group name="cucumber">
        <method signature="AbstractTestNGCucumberTests.runScenario(io.cucumber.testng.PickleEventWrapper, io.cucumber.testng.CucumberFeatureWrapper)[pri:0, instance:com.test.acceptancetest.RunTestChrome@39fb3ab6]" name="runScenario" class="io.cucumber.testng.AbstractTestNGCucumberTests"/>
      </group> <!-- cucumber -->
    </groups>
    <test name="chrome test" duration-ms="118594" started-at="2020-05-06T11:06:56Z" finished-at="2020-05-06T11:08:55Z">
      <class name="com.test.acceptancetest.RunTestChrome">
        <test-method status="PASS" signature="setUpClass()[pri:0, instance:com.test.acceptancetest.RunTestChrome@39fb3ab6]" name="setUpClass" is-config="true" duration-ms="101" started-at="2020-05-06T11:06:56Z" finished-at="2020-05-06T11:06:56Z">
          <reporter-output>
          </reporter-output>
        </test-method> <!-- setUpClass -->
        <test-method status="PASS" signature="runScenario(io.cucumber.testng.PickleEventWrapper, io.cucumber.testng.CucumberFeatureWrapper)[pri:0, instance:com.test.acceptancetest.RunTestChrome@39fb3ab6]" name="runScenario" duration-ms="118362" started-at="2020-05-06T11:06:56Z" description="Runs Cucumber Scenarios" data-provider="scenarios" finished-at="2020-05-06T11:08:55Z">
          <params>
            <param index="0">
              <value>
                <![CDATA["Test scenarios TC_OPT_009 to create Opportunity "Profile: LEX G360 District Manager + GTW""]]>
              </value>
            </param>
            <param index="1">
              <value>
                <![CDATA["Opportunities"]]>
              </value>
            </param>
          </params>
          <reporter-output>
          </reporter-output>
        </test-method> <!-- runScenario -->
        <test-method status="PASS" signature="tearDownClass()[pri:0, instance:com.test.acceptancetest.RunTestChrome@39fb3ab6]" name="tearDownClass" is-config="true" duration-ms="47" started-at="2020-05-06T11:08:55Z" finished-at="2020-05-06T11:08:55Z">
          <reporter-output>
          </reporter-output>
        </test-method> <!-- tearDownClass -->
      </class> <!-- com.test.acceptancetest.RunTestChrome -->
    </test> <!-- chrome test -->
  </suite> <!-- Chrome Execution Suite -->
</testng-results>
