<?xml version="1.0" encoding="UTF-8"?>
<testng-results skipped="0" failed="1" ignored="0" total="1" passed="0">
  <reporter-output>
  </reporter-output>
  <suite name="Chrome Execution Suite" duration-ms="77375" started-at="2020-04-27T10:32:26Z" finished-at="2020-04-27T10:33:43Z">
    <groups>
      <group name="cucumber">
        <method signature="AbstractTestNGCucumberTests.runScenario(io.cucumber.testng.PickleEventWrapper, io.cucumber.testng.CucumberFeatureWrapper)[pri:0, instance:com.test.acceptancetest.RunTestChrome@39fb3ab6]" name="runScenario" class="io.cucumber.testng.AbstractTestNGCucumberTests"/>
      </group> <!-- cucumber -->
    </groups>
    <test name="chrome test" duration-ms="77375" started-at="2020-04-27T10:32:26Z" finished-at="2020-04-27T10:33:43Z">
      <class name="com.test.acceptancetest.RunTestChrome">
        <test-method status="PASS" signature="setUpClass()[pri:0, instance:com.test.acceptancetest.RunTestChrome@39fb3ab6]" name="setUpClass" is-config="true" duration-ms="160" started-at="2020-04-27T10:32:26Z" finished-at="2020-04-27T10:32:26Z">
          <reporter-output>
          </reporter-output>
        </test-method> <!-- setUpClass -->
        <test-method status="FAIL" signature="runScenario(io.cucumber.testng.PickleEventWrapper, io.cucumber.testng.CucumberFeatureWrapper)[pri:0, instance:com.test.acceptancetest.RunTestChrome@39fb3ab6]" name="runScenario" duration-ms="77056" started-at="2020-04-27T10:32:26Z" description="Runs Cucumber Scenarios" data-provider="scenarios" finished-at="2020-04-27T10:33:43Z">
          <params>
            <param index="0">
              <value>
                <![CDATA["Test scenarios TC_OPT_002 to change stage [Build Rapport / Explore Customer Needs] of Opportunity "Profile: LEX G360 Primary FA + GTW""]]>
              </value>
            </param>
            <param index="1">
              <value>
                <![CDATA["Create Ticket"]]>
              </value>
            </param>
          </params>
          <exception class="org.openqa.selenium.NoSuchElementException">
            <message>
              <![CDATA[no such element: Unable to locate element: {"method":"xpath","selector":"//input[@placeholder='Search Competitors...']"}
  (Session info: chrome=81.0.4044.122)
For documentation on this error, please visit: http://seleniumhq.org/exceptions/no_such_element.html
Build info: version: '3.14.0', revision: 'aacccce0', time: '2018-08-02T20:19:58.91Z'
System info: host: 'SMEDC-LAP022', ip: '192.168.0.104', os.name: 'Windows 10', os.arch: 'amd64', os.version: '10.0', java.version: '1.8.0_191'
Driver info: org.openqa.selenium.chrome.ChromeDriver
Capabilities {acceptInsecureCerts: false, browserName: chrome, browserVersion: 81.0.4044.122, chrome: {chromedriverVersion: 80.0.3987.106 (f68069574609..., userDataDir: C:\Users\yadavvi\AppData\Lo...}, goog:chromeOptions: {debuggerAddress: localhost:63782}, javascriptEnabled: true, networkConnectionEnabled: false, pageLoadStrategy: normal, platform: WINDOWS, platformName: WINDOWS, proxy: Proxy(), setWindowRect: true, strictFileInteractability: false, timeouts: {implicit: 0, pageLoad: 300000, script: 30000}, unhandledPromptBehavior: dismiss and notify}
Session ID: 3874d6ca15687a41799bcc868c62eea3
*** Element info: {Using=xpath, value=//input[@placeholder='Search Competitors...']}]]>
            </message>
            <full-stacktrace>
              <![CDATA[org.openqa.selenium.NoSuchElementException: no such element: Unable to locate element: {"method":"xpath","selector":"//input[@placeholder='Search Competitors...']"}
  (Session info: chrome=81.0.4044.122)
For documentation on this error, please visit: http://seleniumhq.org/exceptions/no_such_element.html
Build info: version: '3.14.0', revision: 'aacccce0', time: '2018-08-02T20:19:58.91Z'
System info: host: 'SMEDC-LAP022', ip: '192.168.0.104', os.name: 'Windows 10', os.arch: 'amd64', os.version: '10.0', java.version: '1.8.0_191'
Driver info: org.openqa.selenium.chrome.ChromeDriver
Capabilities {acceptInsecureCerts: false, browserName: chrome, browserVersion: 81.0.4044.122, chrome: {chromedriverVersion: 80.0.3987.106 (f68069574609..., userDataDir: C:\Users\yadavvi\AppData\Lo...}, goog:chromeOptions: {debuggerAddress: localhost:63782}, javascriptEnabled: true, networkConnectionEnabled: false, pageLoadStrategy: normal, platform: WINDOWS, platformName: WINDOWS, proxy: Proxy(), setWindowRect: true, strictFileInteractability: false, timeouts: {implicit: 0, pageLoad: 300000, script: 30000}, unhandledPromptBehavior: dismiss and notify}
Session ID: 3874d6ca15687a41799bcc868c62eea3
*** Element info: {Using=xpath, value=//input[@placeholder='Search Competitors...']}
at sun.reflect.NativeConstructorAccessorImpl.newInstance0(Native Method)
at sun.reflect.NativeConstructorAccessorImpl.newInstance(Unknown Source)
at sun.reflect.DelegatingConstructorAccessorImpl.newInstance(Unknown Source)
at java.lang.reflect.Constructor.newInstance(Unknown Source)
at org.openqa.selenium.remote.http.W3CHttpResponseCodec.createException(W3CHttpResponseCodec.java:187)
at org.openqa.selenium.remote.http.W3CHttpResponseCodec.decode(W3CHttpResponseCodec.java:122)
at org.openqa.selenium.remote.http.W3CHttpResponseCodec.decode(W3CHttpResponseCodec.java:49)
at org.openqa.selenium.remote.HttpCommandExecutor.execute(HttpCommandExecutor.java:158)
at org.openqa.selenium.remote.service.DriverCommandExecutor.execute(DriverCommandExecutor.java:83)
at org.openqa.selenium.remote.RemoteWebDriver.execute(RemoteWebDriver.java:548)
at org.openqa.selenium.remote.RemoteWebDriver.findElement(RemoteWebDriver.java:322)
at org.openqa.selenium.remote.RemoteWebDriver.findElementByXPath(RemoteWebDriver.java:424)
at org.openqa.selenium.By$ByXPath.findElement(By.java:353)
at org.openqa.selenium.remote.RemoteWebDriver.findElement(RemoteWebDriver.java:314)
at com.test.pages.Opportunities.provideTopCompetitor(Opportunities.java:59)
at com.test.stepdefs.OpportunitiesStepDefs.provide_top_competitor(OpportunitiesStepDefs.java:24)
at ✽.provide top competitor(file:src/test/resources/features/SalesforceRegression_Suite/Opportunities/Opportunities.feature:22)
]]>
            </full-stacktrace>
          </exception> <!-- org.openqa.selenium.NoSuchElementException -->
          <reporter-output>
          </reporter-output>
        </test-method> <!-- runScenario -->
        <test-method status="PASS" signature="tearDownClass()[pri:0, instance:com.test.acceptancetest.RunTestChrome@39fb3ab6]" name="tearDownClass" is-config="true" duration-ms="45" started-at="2020-04-27T10:33:43Z" finished-at="2020-04-27T10:33:43Z">
          <reporter-output>
          </reporter-output>
        </test-method> <!-- tearDownClass -->
      </class> <!-- com.test.acceptancetest.RunTestChrome -->
    </test> <!-- chrome test -->
  </suite> <!-- Chrome Execution Suite -->
</testng-results>
